<?xml version="1.0" encoding="UTF-8"?>
<!-- Generated by org.testng.reporters.JUnitXMLReporter -->
<testsuite ignored="0" hostname="LAPTOP-CA0P0FEV" failures="0" tests="7" name="Default test" time="18.057" errors="0" timestamp="2026-05-29T00:14:09 IST">
  <testcase classname="APITesting.Postmethod01" name="postUser" time="5.421"/>
  <testcase classname="APITesting.GETMethod01" name="getMethod" time="2.135"/>
  <testcase classname="APITesting.PUTMethod01" name="token" time="1.986"/>
  <testcase classname="APITesting.PUTMethod01" name="putMethod" time="2.14"/>
  <testcase classname="APITesting.GETMethod02" name="getMethod" time="2.177"/>
  <testcase classname="APITesting.DELETEMethod01" name="deleteMethod" time="2.09"/>
  <testcase classname="APITesting.DELETEMethod2" name="deleteMethod" time="2.028"/>
</testsuite> <!-- Default test -->
