<?xml version="1.0" encoding="UTF-8"?>
<!-- Generated by org.testng.reporters.JUnitXMLReporter -->
<testsuite ignored="0" hostname="LAPTOP-CA0P0FEV" failures="0" tests="9" name="Default test" time="22.05" errors="0" timestamp="2026-05-29T00:20:22 IST">
  <testcase classname="APITesting.Postmethod01" name="postUser" time="5.126"/>
  <testcase classname="APITesting.GETMethod01" name="getMethod" time="2.225"/>
  <testcase classname="APITesting.PUTMethod01" name="token" time="2.165"/>
  <testcase classname="APITesting.PUTMethod01" name="putMethod" time="2.106"/>
  <testcase classname="APITesting.GETMethod02" name="getMethod" time="2.058"/>
  <testcase classname="APITesting.PATCHMethod01" name="patchMethod" time="2.04"/>
  <testcase classname="APITesting.GETMethod3" name="getMethod" time="2.13"/>
  <testcase classname="APITesting.DELETEMethod01" name="deleteMethod" time="2.063"/>
  <testcase classname="APITesting.DELETEMethod2" name="deleteMethod" time="2.045"/>
</testsuite> <!-- Default test -->
