<?xml version="1.0" encoding="UTF-8"?>
<testng-results ignored="0" total="7" passed="7" failed="0" skipped="0">
  <reporter-output>
  </reporter-output>
  <suite started-at="2026-05-29T00:13:51 IST" name="Default suite" finished-at="2026-05-29T00:14:09 IST" duration-ms="18057">
    <groups>
      <group name="deleteUser">
        <method signature="DELETEMethod01.deleteMethod()[pri:0, instance:APITesting.DELETEMethod01@77888435]" name="deleteMethod" class="APITesting.DELETEMethod01"/>
      </group> <!-- deleteUser -->
      <group name="deleteUser2">
        <method signature="DELETEMethod2.deleteMethod()[pri:0, instance:APITesting.DELETEMethod2@4802796d]" name="deleteMethod" class="APITesting.DELETEMethod2"/>
      </group> <!-- deleteUser2 -->
      <group name="updateUser">
        <method signature="PUTMethod01.putMethod()[pri:2, instance:APITesting.PUTMethod01@7b98f307]" name="putMethod" class="APITesting.PUTMethod01"/>
      </group> <!-- updateUser -->
      <group name="getBooking">
        <method signature="GETMethod01.getMethod()[pri:0, instance:APITesting.GETMethod01@1aafa419]" name="getMethod" class="APITesting.GETMethod01"/>
      </group> <!-- getBooking -->
      <group name="getBooking1">
        <method signature="GETMethod02.getMethod()[pri:0, instance:APITesting.GETMethod02@76505305]" name="getMethod" class="APITesting.GETMethod02"/>
      </group> <!-- getBooking1 -->
      <group name="createBooking">
        <method signature="Postmethod01.postUser()[pri:0, instance:APITesting.Postmethod01@14cd1699]" name="postUser" class="APITesting.Postmethod01"/>
      </group> <!-- createBooking -->
    </groups>
    <test started-at="2026-05-29T00:13:51 IST" name="Default test" finished-at="2026-05-29T00:14:09 IST" duration-ms="18057">
      <class name="APITesting.GETMethod01">
        <test-method signature="getMethod()[pri:0, instance:APITesting.GETMethod01@1aafa419]" started-at="2026-05-29T00:13:57 IST" name="getMethod" depends-on-groups="createBooking" finished-at="2026-05-29T00:13:59 IST" duration-ms="2135" status="PASS">
          <reporter-output>
          </reporter-output>
        </test-method> <!-- getMethod -->
      </class> <!-- APITesting.GETMethod01 -->
      <class name="APITesting.GETMethod02">
        <test-method signature="getMethod()[pri:0, instance:APITesting.GETMethod02@76505305]" started-at="2026-05-29T00:14:03 IST" name="getMethod" depends-on-groups="updateUser" finished-at="2026-05-29T00:14:05 IST" duration-ms="2177" status="PASS">
          <reporter-output>
          </reporter-output>
        </test-method> <!-- getMethod -->
      </class> <!-- APITesting.GETMethod02 -->
      <class name="APITesting.Postmethod01">
        <test-method signature="postUser()[pri:0, instance:APITesting.Postmethod01@14cd1699]" started-at="2026-05-29T00:13:51 IST" name="postUser" finished-at="2026-05-29T00:13:57 IST" duration-ms="5421" status="PASS">
          <reporter-output>
          </reporter-output>
        </test-method> <!-- postUser -->
      </class> <!-- APITesting.Postmethod01 -->
      <class name="APITesting.DELETEMethod01">
        <test-method signature="deleteMethod()[pri:0, instance:APITesting.DELETEMethod01@77888435]" started-at="2026-05-29T00:14:05 IST" name="deleteMethod" depends-on-groups="getBooking1" finished-at="2026-05-29T00:14:07 IST" duration-ms="2090" status="PASS">
          <reporter-output>
          </reporter-output>
        </test-method> <!-- deleteMethod -->
      </class> <!-- APITesting.DELETEMethod01 -->
      <class name="APITesting.PUTMethod01">
        <test-method signature="token()[pri:1, instance:APITesting.PUTMethod01@7b98f307]" started-at="2026-05-29T00:13:59 IST" name="token" finished-at="2026-05-29T00:14:01 IST" duration-ms="1986" status="PASS">
          <reporter-output>
          </reporter-output>
        </test-method> <!-- token -->
        <test-method signature="putMethod()[pri:2, instance:APITesting.PUTMethod01@7b98f307]" started-at="2026-05-29T00:14:01 IST" name="putMethod" depends-on-groups="getBooking" finished-at="2026-05-29T00:14:03 IST" depends-on-methods="APITesting.PUTMethod01.token" duration-ms="2140" status="PASS">
          <reporter-output>
          </reporter-output>
        </test-method> <!-- putMethod -->
      </class> <!-- APITesting.PUTMethod01 -->
      <class name="APITesting.DELETEMethod2">
        <test-method signature="deleteMethod()[pri:0, instance:APITesting.DELETEMethod2@4802796d]" started-at="2026-05-29T00:14:07 IST" name="deleteMethod" depends-on-groups="deleteUser" finished-at="2026-05-29T00:14:09 IST" duration-ms="2028" status="PASS">
          <reporter-output>
          </reporter-output>
        </test-method> <!-- deleteMethod -->
      </class> <!-- APITesting.DELETEMethod2 -->
    </test> <!-- Default test -->
  </suite> <!-- Default suite -->
</testng-results>
