<?xml version="1.0" encoding="UTF-8"?>
<testng-results ignored="0" total="10" passed="10" failed="0" skipped="0">
  <reporter-output>
  </reporter-output>
  <suite started-at="2026-05-29T00:25:37 IST" name="Default suite" finished-at="2026-05-29T00:26:01 IST" duration-ms="23801">
    <groups>
      <group name="deleteUser">
        <method signature="DELETEMethod01.deleteMethod()[pri:0, instance:APITesting.DELETEMethod01@4802796d]" name="deleteMethod" class="APITesting.DELETEMethod01"/>
      </group> <!-- deleteUser -->
      <group name="deleteUser2">
        <method signature="DELETEMethod2.deleteMethod()[pri:0, instance:APITesting.DELETEMethod2@3e694b3f]" name="deleteMethod" class="APITesting.DELETEMethod2"/>
      </group> <!-- deleteUser2 -->
      <group name="updateUser1">
        <method signature="PATCHMethod01.patchMethod()[pri:0, instance:APITesting.PATCHMethod01@71d44a3]" name="patchMethod" class="APITesting.PATCHMethod01"/>
      </group> <!-- updateUser1 -->
      <group name="updateUser">
        <method signature="PUTMethod01.putMethod()[pri:2, instance:APITesting.PUTMethod01@65fb9ffc]" name="putMethod" class="APITesting.PUTMethod01"/>
      </group> <!-- updateUser -->
      <group name="getBooking">
        <method signature="GETMethod01.getMethod()[pri:0, instance:APITesting.GETMethod01@55182842]" name="getMethod" class="APITesting.GETMethod01"/>
      </group> <!-- getBooking -->
      <group name="getBooking1">
        <method signature="GETMethod02.getMethod()[pri:0, instance:APITesting.GETMethod02@73a1e9a9]" name="getMethod" class="APITesting.GETMethod02"/>
      </group> <!-- getBooking1 -->
      <group name="createBooking">
        <method signature="Postmethod01.postUser()[pri:0, instance:APITesting.Postmethod01@7b98f307]" name="postUser" class="APITesting.Postmethod01"/>
      </group> <!-- createBooking -->
      <group name="getBooking2">
        <method signature="GETMethod3.getMethod()[pri:0, instance:APITesting.GETMethod3@1bb5a082]" name="getMethod" class="APITesting.GETMethod3"/>
      </group> <!-- getBooking2 -->
    </groups>
    <test started-at="2026-05-29T00:25:37 IST" name="Default test" finished-at="2026-05-29T00:26:01 IST" duration-ms="23801">
      <class name="APITesting.GETMethod01">
        <test-method signature="getMethod()[pri:0, instance:APITesting.GETMethod01@55182842]" started-at="2026-05-29T00:25:42 IST" name="getMethod" depends-on-groups="createBooking" finished-at="2026-05-29T00:25:45 IST" duration-ms="2151" status="PASS">
          <reporter-output>
          </reporter-output>
        </test-method> <!-- getMethod -->
      </class> <!-- APITesting.GETMethod01 -->
      <class name="APITesting.GETMethod02">
        <test-method signature="getMethod()[pri:0, instance:APITesting.GETMethod02@73a1e9a9]" started-at="2026-05-29T00:25:49 IST" name="getMethod" depends-on-groups="updateUser" finished-at="2026-05-29T00:25:51 IST" duration-ms="2121" status="PASS">
          <reporter-output>
          </reporter-output>
        </test-method> <!-- getMethod -->
      </class> <!-- APITesting.GETMethod02 -->
      <class name="APITesting.PATCHMethod01">
        <test-method signature="patchMethod()[pri:0, instance:APITesting.PATCHMethod01@71d44a3]" started-at="2026-05-29T00:25:51 IST" name="patchMethod" depends-on-groups="getBooking1" finished-at="2026-05-29T00:25:53 IST" duration-ms="2149" status="PASS">
          <reporter-output>
          </reporter-output>
        </test-method> <!-- patchMethod -->
      </class> <!-- APITesting.PATCHMethod01 -->
      <class name="APITesting.Postmethod01">
        <test-method signature="postUser()[pri:0, instance:APITesting.Postmethod01@7b98f307]" started-at="2026-05-29T00:25:37 IST" name="postUser" finished-at="2026-05-29T00:25:42 IST" duration-ms="5311" status="PASS">
          <reporter-output>
          </reporter-output>
        </test-method> <!-- postUser -->
      </class> <!-- APITesting.Postmethod01 -->
      <class name="APITesting.DELETEMethod01">
        <test-method signature="deleteMethod()[pri:0, instance:APITesting.DELETEMethod01@4802796d]" started-at="2026-05-29T00:25:55 IST" name="deleteMethod" depends-on-groups="getBooking2" finished-at="2026-05-29T00:25:57 IST" duration-ms="2097" status="PASS">
          <reporter-output>
          </reporter-output>
        </test-method> <!-- deleteMethod -->
      </class> <!-- APITesting.DELETEMethod01 -->
      <class name="APITesting.PUTMethod01">
        <test-method signature="token()[pri:1, instance:APITesting.PUTMethod01@65fb9ffc]" started-at="2026-05-29T00:25:45 IST" name="token" finished-at="2026-05-29T00:25:47 IST" duration-ms="2042" status="PASS">
          <reporter-output>
          </reporter-output>
        </test-method> <!-- token -->
        <test-method signature="putMethod()[pri:2, instance:APITesting.PUTMethod01@65fb9ffc]" started-at="2026-05-29T00:25:47 IST" name="putMethod" depends-on-groups="getBooking" finished-at="2026-05-29T00:25:49 IST" depends-on-methods="APITesting.PUTMethod01.token" duration-ms="2109" status="PASS">
          <reporter-output>
          </reporter-output>
        </test-method> <!-- putMethod -->
      </class> <!-- APITesting.PUTMethod01 -->
      <class name="APITesting.DELETEMethod2">
        <test-method signature="deleteMethod()[pri:0, instance:APITesting.DELETEMethod2@3e694b3f]" started-at="2026-05-29T00:25:57 IST" name="deleteMethod" depends-on-groups="deleteUser" finished-at="2026-05-29T00:25:59 IST" duration-ms="1905" status="PASS">
          <reporter-output>
          </reporter-output>
        </test-method> <!-- deleteMethod -->
      </class> <!-- APITesting.DELETEMethod2 -->
      <class name="APITesting.GETMethod3">
        <test-method signature="getMethod()[pri:0, instance:APITesting.GETMethod3@1bb5a082]" started-at="2026-05-29T00:25:53 IST" name="getMethod" depends-on-groups="updateUser1" finished-at="2026-05-29T00:25:55 IST" duration-ms="1839" status="PASS">
          <reporter-output>
          </reporter-output>
        </test-method> <!-- getMethod -->
      </class> <!-- APITesting.GETMethod3 -->
      <class name="APITesting.GETMethod4">
        <test-method signature="getMethod()[pri:0, instance:APITesting.GETMethod4@78691363]" started-at="2026-05-29T00:25:59 IST" name="getMethod" depends-on-groups="deleteUser2" finished-at="2026-05-29T00:26:01 IST" duration-ms="1952" status="PASS">
          <reporter-output>
          </reporter-output>
        </test-method> <!-- getMethod -->
      </class> <!-- APITesting.GETMethod4 -->
    </test> <!-- Default test -->
  </suite> <!-- Default suite -->
</testng-results>
